<?xml version="1.0" encoding="UTF-8"?>
<!-- Generated by org.testng.reporters.JUnitReportReporter -->
<testsuite hostname="DESKTOP-1FJC9IP" failures="0" tests="1" name="com.ActiTime.CaptureScreenshot_ActiTIMEPage" time="42.504" errors="0" timestamp="2022-09-15T21:38:18 IST" skipped="0">
  <testcase classname="com.ActiTime.CaptureScreenshot_ActiTIMEPage" name="screenshot" time="42.504"/>
  <system-out/>
</testsuite> <!-- com.ActiTime.CaptureScreenshot_ActiTIMEPage -->
