<?xml version="1.0" encoding="UTF-8"?>
<!-- Generated by org.testng.reporters.JUnitReportReporter -->
<testsuite hostname="DESKTOP-1FJC9IP" failures="0" tests="1" name="com.ActiTime.KeyBoard_Mouse_Operation" time="51.460" errors="0" timestamp="2022-09-15T21:47:41 IST" skipped="0">
  <testcase classname="com.ActiTime.KeyBoard_Mouse_Operation" name="Browser_Navigation" time="51.460"/>
  <system-out/>
</testsuite> <!-- com.ActiTime.KeyBoard_Mouse_Operation -->
