<?xml version="1.0" encoding="UTF-8"?>
<!-- Generated by org.testng.reporters.JUnitReportReporter -->
<testsuite hostname="DESKTOP-1FJC9IP" failures="0" tests="1" name="Handling_Frames.frame_Demo" time="25.747" errors="0" timestamp="2022-09-16T11:42:01 IST" skipped="0">
  <testcase classname="Handling_Frames.frame_Demo" name="launch_Browser" time="25.747"/>
  <system-out/>
</testsuite> <!-- Handling_Frames.frame_Demo -->
