<?xml version="1.0" encoding="UTF-8"?>
<!-- Generated by org.testng.reporters.JUnitReportReporter -->
<testsuite hostname="DESKTOP-1FJC9IP" failures="0" tests="1" name="com.ActiTime.SetByDefault" time="57.004" errors="0" timestamp="2022-09-15T22:46:50 IST" skipped="0">
  <testcase classname="com.ActiTime.SetByDefault" name="Xpaths_Independent_dependent_actitime_setbydefault" time="57.004"/>
  <system-out/>
</testsuite> <!-- com.ActiTime.SetByDefault -->
