<?xml version="1.0" encoding="UTF-8"?>
<!-- Generated by org.testng.reporters.JUnitReportReporter -->
<testsuite hostname="DESKTOP-1FJC9IP" failures="0" tests="1" name="com.ActiTime.Verifyhomepage_UsingTitle" time="42.633" errors="0" timestamp="2022-09-15T23:03:35 IST" skipped="0">
  <testcase classname="com.ActiTime.Verifyhomepage_UsingTitle" name="Validating_getTitle" time="42.633"/>
  <system-out/>
</testsuite> <!-- com.ActiTime.Verifyhomepage_UsingTitle -->
