<?xml version="1.0" encoding="UTF-8"?>
<!-- Generated by org.testng.reporters.JUnitReportReporter -->
<testsuite hostname="DESKTOP-1FJC9IP" failures="0" tests="7" name="testNG.groupExecution" time="0.070" errors="0" timestamp="2022-09-21T13:25:10 IST" skipped="0">
  <testcase classname="testNG.groupExecution" name="createUser" time="0.005"/>
  <system-out/>
  <testcase classname="testNG.groupExecution" name="createProduct" time="0.046"/>
  <system-out/>
  <testcase classname="testNG.groupExecution" name="editUser" time="0.011"/>
  <system-out/>
  <testcase classname="testNG.groupExecution" name="editProduct" time="0.002"/>
  <system-out/>
  <testcase classname="testNG.groupExecution" name="editUser" time="0.003"/>
  <system-out/>
  <testcase classname="testNG.groupExecution" name="deleteProduct" time="0.001"/>
  <system-out/>
  <testcase classname="testNG.groupExecution" name="deleteUser" time="0.002"/>
  <system-out/>
</testsuite> <!-- testNG.groupExecution -->
