<?xml version="1.0" encoding="UTF-8"?>
<!-- Generated by org.testng.reporters.JUnitReportReporter -->
<testsuite hostname="DESKTOP-1FJC9IP" failures="0" tests="1" name="com.ActiTime.ToolTip" time="25.756" errors="0" timestamp="2022-09-16T02:21:10 IST" skipped="0">
  <testcase classname="com.ActiTime.ToolTip" name="isEnabled_Method_of_webelement" time="25.756"/>
  <system-out/>
</testsuite> <!-- com.ActiTime.ToolTip -->
