<?xml version="1.0" encoding="UTF-8"?>
<!-- Generated by org.testng.reporters.JUnitReportReporter -->
<testsuite hostname="DESKTOP-1FJC9IP" failures="0" tests="1" name="com.ActiTime.EnterText_intoDisabledTextbox" time="8.820" errors="0" timestamp="2022-09-16T10:41:11 IST" skipped="0">
  <testcase classname="com.ActiTime.EnterText_intoDisabledTextbox" name="Enter_Text_into_Disabled_Textbox" time="8.820"/>
  <system-out/>
</testsuite> <!-- com.ActiTime.EnterText_intoDisabledTextbox -->
