<?xml version="1.0" encoding="UTF-8"?>
<!-- Generated by org.testng.reporters.JUnitReportReporter -->
<testsuite hostname="DESKTOP-1FJC9IP" failures="0" tests="1" name="com.Facebook_App.wait_test" time="71.686" errors="0" timestamp="2022-09-17T14:31:52 IST" skipped="0">
  <testcase classname="com.Facebook_App.wait_test" name="Browser_navigations" time="71.686"/>
  <system-out/>
</testsuite> <!-- com.Facebook_App.wait_test -->
