<?xml version="1.0" encoding="UTF-8"?>
<!-- Generated by org.testng.reporters.JUnitReportReporter -->
<testsuite hostname="DESKTOP-1FJC9IP" failures="0" tests="1" name="com.Bridgelabz.QA.Launch_Browser_Test1" time="35.211" errors="0" timestamp="2022-09-12T15:43:27 IST" skipped="0">
  <testcase classname="com.Bridgelabz.QA.Launch_Browser_Test1" name="navigations" time="35.211"/>
  <system-out/>
</testsuite> <!-- com.Bridgelabz.QA.Launch_Browser_Test1 -->
