<?xml version="1.0" encoding="UTF-8"?>
<!-- Generated by org.testng.reporters.JUnitReportReporter -->
<testsuite hostname="DESKTOP-1FJC9IP" failures="0" tests="1" name="com.mouse_keyboard_operator_Test.Facebook_App_Mouse_Keyboard_Operator" time="20.790" errors="0" timestamp="2022-09-13T20:16:23 IST" skipped="0">
  <testcase classname="com.mouse_keyboard_operator_Test.Facebook_App_Mouse_Keyboard_Operator" name="Login" time="20.790"/>
  <system-out/>
</testsuite> <!-- com.mouse_keyboard_operator_Test.Facebook_App_Mouse_Keyboard_Operator -->
