<?xml version="1.0" encoding="UTF-8"?>
<!-- Generated by org.testng.reporters.JUnitReportReporter -->
<testsuite hostname="DESKTOP-1FJC9IP" failures="0" tests="1" name="Handling_Frames.Context_Clickusing_ActionsClass" time="40.582" errors="0" timestamp="2022-09-16T11:49:33 IST" skipped="0">
  <testcase classname="Handling_Frames.Context_Clickusing_ActionsClass" name="launch_Browser" time="40.582"/>
  <system-out/>
</testsuite> <!-- Handling_Frames.Context_Clickusing_ActionsClass -->
