<?xml version="1.0" encoding="UTF-8"?>
<!-- Generated by org.testng.reporters.JUnitReportReporter -->
<testsuite hostname="DESKTOP-1FJC9IP" failures="0" tests="1" name="com.Web_Element_Interface_Methods.IsEnabled_Method" time="13.128" errors="0" timestamp="2022-09-16T00:02:01 IST" skipped="0">
  <testcase classname="com.Web_Element_Interface_Methods.IsEnabled_Method" name="get_isEnabled_or_Disabled" time="13.128"/>
  <system-out/>
</testsuite> <!-- com.Web_Element_Interface_Methods.IsEnabled_Method -->
