<?xml version="1.0" encoding="UTF-8"?>
<!-- Generated by org.testng.reporters.JUnitReportReporter -->
<testsuite hostname="DESKTOP-1FJC9IP" failures="0" tests="1" name="com.JavaScript_Executer.Scroll_Up_And_Down" time="87.807" errors="0" timestamp="2022-09-15T15:02:50 IST" skipped="0">
  <testcase classname="com.JavaScript_Executer.Scroll_Up_And_Down" name="get_TagName" time="87.807"/>
  <system-out/>
</testsuite> <!-- com.JavaScript_Executer.Scroll_Up_And_Down -->
