<?xml version="1.0" encoding="UTF-8"?>
<!-- Generated by org.testng.reporters.JUnitReportReporter -->
<testsuite hostname="DESKTOP-1FJC9IP" failures="0" tests="1" name="com.Web_Element_Interface_Methods.IsSelected_Method" time="29.637" errors="0" timestamp="2022-09-16T02:13:14 IST" skipped="0">
  <testcase classname="com.Web_Element_Interface_Methods.IsSelected_Method" name="isEnabled_Method_of_webelement" time="29.637"/>
  <system-out/>
</testsuite> <!-- com.Web_Element_Interface_Methods.IsSelected_Method -->
