<?xml version="1.0" encoding="UTF-8"?>
<!-- Generated by org.testng.reporters.JUnitReportReporter -->
<testsuite hostname="DESKTOP-1FJC9IP" failures="0" tests="1" name="com.ActiTime.UpcastingToWebDriver_LaunchBrowser" time="87.182" errors="0" timestamp="2022-09-15T21:14:35 IST" skipped="0">
  <testcase classname="com.ActiTime.UpcastingToWebDriver_LaunchBrowser" name="Browser_navigations" time="87.182"/>
  <system-out/>
</testsuite> <!-- com.ActiTime.UpcastingToWebDriver_LaunchBrowser -->
