<?xml version="1.0" encoding="UTF-8"?>
<!-- Generated by org.testng.reporters.JUnitReportReporter -->
<testsuite hostname="DESKTOP-1FJC9IP" failures="0" tests="1" name="com.ActiTime.Remove_Value_fromText_using_ClearMethod" time="43.881" errors="0" timestamp="2022-09-16T02:00:41 IST" skipped="0">
  <testcase classname="com.ActiTime.Remove_Value_fromText_using_ClearMethod" name="Validate_username_password_Alignment" time="43.881"/>
  <system-out/>
</testsuite> <!-- com.ActiTime.Remove_Value_fromText_using_ClearMethod -->
