<?xml version="1.0" encoding="UTF-8"?>
<!-- Generated by org.testng.reporters.JUnitReportReporter -->
<testsuite hostname="DESKTOP-1FJC9IP" failures="0" tests="3" name="testNG.depends_on_Methods_Test" time="0.020" errors="0" timestamp="2022-09-21T13:42:27 IST" skipped="0">
  <testcase classname="testNG.depends_on_Methods_Test" name="WebStudentLogin" time="0.002"/>
  <system-out/>
  <testcase classname="testNG.depends_on_Methods_Test" name="APIStudentLogin" time="0.003"/>
  <system-out/>
  <testcase classname="testNG.depends_on_Methods_Test" name="MobileStudentLogin" time="0.015"/>
  <system-out/>
</testsuite> <!-- testNG.depends_on_Methods_Test -->
