<?xml version="1.0" encoding="UTF-8"?>
<!-- Generated by org.testng.reporters.JUnitReportReporter -->
<testsuite hostname="DESKTOP-1FJC9IP" failures="0" tests="1" name="com.Xpath.XpathMethod" time="77.651" errors="0" timestamp="2022-09-14T11:50:19 IST" skipped="0">
  <testcase classname="com.Xpath.XpathMethod" name="ActiTIME" time="77.651"/>
  <system-out/>
</testsuite> <!-- com.Xpath.XpathMethod -->
