<?xml version="1.0" encoding="UTF-8"?>
<!-- Generated by org.testng.reporters.JUnitReportReporter -->
<testsuite hostname="DESKTOP-1FJC9IP" failures="0" tests="1" name="com.Web_Element_Interface_Methods.Get_Size_Method" time="24.060" errors="0" timestamp="2022-09-15T23:52:48 IST" skipped="0">
  <testcase classname="com.Web_Element_Interface_Methods.Get_Size_Method" name="getSize_Methodofwebelement" time="24.060"/>
  <system-out/>
</testsuite> <!-- com.Web_Element_Interface_Methods.Get_Size_Method -->
