<?xml version="1.0" encoding="UTF-8"?>
<!-- Generated by org.testng.reporters.JUnitReportReporter -->
<testsuite hostname="DESKTOP-1FJC9IP" failures="0" tests="1" name="com.Xpath.Xpath_Facebook" time="6.728" errors="0" timestamp="2022-09-15T16:58:22 IST" skipped="0">
  <testcase classname="com.Xpath.Xpath_Facebook" name="isSelected" time="6.728"/>
  <system-out/>
</testsuite> <!-- com.Xpath.Xpath_Facebook -->
