<?xml version="1.0" encoding="UTF-8"?>
<!-- Generated by org.testng.reporters.JUnitReportReporter -->
<testsuite hostname="DESKTOP-1FJC9IP" failures="0" tests="1" name="com.mouse_keyboard_Operation.mouse_keyboard_Operation_Test" time="32.363" errors="0" timestamp="2022-09-12T20:41:25 IST" skipped="0">
  <testcase classname="com.mouse_keyboard_Operation.mouse_keyboard_Operation_Test" name="Actitime" time="32.363"/>
  <system-out/>
</testsuite> <!-- com.mouse_keyboard_Operation.mouse_keyboard_Operation_Test -->
