<?xml version="1.0" encoding="UTF-8"?>
<!-- Generated by org.testng.reporters.JUnitReportReporter -->
<testsuite hostname="DESKTOP-1FJC9IP" failures="0" tests="1" name="com.ActiTime.Print_Version_ActitimeLoginPage" time="40.449" errors="0" timestamp="2022-09-16T02:40:24 IST" skipped="0">
  <testcase classname="com.ActiTime.Print_Version_ActitimeLoginPage" name="Print_Version_Actitime_LoginPage" time="40.449"/>
  <system-out/>
</testsuite> <!-- com.ActiTime.Print_Version_ActitimeLoginPage -->
