<?xml version="1.0" encoding="UTF-8"?>
<!-- Generated by org.testng.reporters.JUnitReportReporter -->
<testsuite hostname="DESKTOP-1FJC9IP" failures="0" tests="1" name="com.ActiTime.Verify_homepage_Using_UniqueElement" time="46.698" errors="0" timestamp="2022-09-15T23:23:02 IST" skipped="0">
  <testcase classname="com.ActiTime.Verify_homepage_Using_UniqueElement" name="Validating_homepage_getUrl" time="46.698"/>
  <system-out/>
</testsuite> <!-- com.ActiTime.Verify_homepage_Using_UniqueElement -->
