<?xml version="1.0" encoding="UTF-8"?>
<!-- Generated by org.testng.reporters.JUnitReportReporter -->
<testsuite hostname="DESKTOP-1FJC9IP" failures="0" tests="1" name="com.Facebook_App.Active_Elemants" time="51.478" errors="0" timestamp="2022-09-16T01:55:06 IST" skipped="0">
  <testcase classname="com.Facebook_App.Active_Elemants" name="ActiveElements" time="51.478"/>
  <system-out/>
</testsuite> <!-- com.Facebook_App.Active_Elemants -->
