<?xml version="1.0" encoding="UTF-8"?>
<!-- Generated by org.testng.reporters.JUnitReportReporter -->
<testsuite hostname="DESKTOP-1FJC9IP" failures="0" tests="1" name="Facebook_App.findElements_CheckBox" time="17.973" errors="0" timestamp="2022-09-20T01:42:06 IST" skipped="0">
  <testcase classname="Facebook_App.findElements_CheckBox" name="print_NumberOfOccurrenceOfElement_InListBox" time="17.973"/>
  <system-out/>
</testsuite> <!-- Facebook_App.findElements_CheckBox -->
