<?xml version="1.0" encoding="UTF-8"?>
<!-- Generated by org.testng.reporters.JUnitReportReporter -->
<testsuite hostname="DESKTOP-1FJC9IP" failures="0" tests="1" name="com.ActiTime.Active_Element" time="28.214" errors="0" timestamp="2022-09-16T01:52:26 IST" skipped="0">
  <testcase classname="com.ActiTime.Active_Element" name="ActiveElements" time="28.214"/>
  <system-out/>
</testsuite> <!-- com.ActiTime.Active_Element -->
