<?xml version="1.0" encoding="UTF-8"?>
<!-- Generated by org.testng.reporters.JUnitReportReporter -->
<testsuite hostname="DESKTOP-1FJC9IP" failures="0" tests="1" name="com.ActiTime.Verify_Username_and_Password_alignment" time="36.484" errors="0" timestamp="2022-09-16T01:50:19 IST" skipped="0">
  <testcase classname="com.ActiTime.Verify_Username_and_Password_alignment" name="Validate_username_password_Alignment" time="36.484"/>
  <system-out/>
</testsuite> <!-- com.ActiTime.Verify_Username_and_Password_alignment -->
