<?xml version="1.0" encoding="UTF-8"?>
<!-- Generated by org.testng.reporters.JUnitReportReporter -->
<testsuite hostname="DESKTOP-1FJC9IP" failures="0" tests="1" name="com.Facebook_App.Verify_homepage_Using_UniqueElement" time="61.451" errors="0" timestamp="2022-09-15T23:30:04 IST" skipped="0">
  <testcase classname="com.Facebook_App.Verify_homepage_Using_UniqueElement" name="Validating_homepage_unique_Element" time="61.451"/>
  <system-out/>
</testsuite> <!-- com.Facebook_App.Verify_homepage_Using_UniqueElement -->
