<?xml version="1.0" encoding="UTF-8"?>
<!-- Generated by org.testng.reporters.JUnitReportReporter -->
<testsuite hostname="DESKTOP-1FJC9IP" failures="0" tests="1" name="com.ActiTime.Verifyhomepage_UsingUrl" time="30.514" errors="0" timestamp="2022-09-15T23:12:42 IST" skipped="0">
  <testcase classname="com.ActiTime.Verifyhomepage_UsingUrl" name="Validating_getUrl" time="30.514"/>
  <system-out/>
</testsuite> <!-- com.ActiTime.Verifyhomepage_UsingUrl -->
