<?xml version="1.0" encoding="UTF-8"?>
<!-- Generated by org.testng.reporters.JUnitReportReporter -->
<testsuite hostname="DESKTOP-1FJC9IP" failures="0" tests="1" name="com.Facebook_App.verify_Username_and_Password_alignment" time="32.804" errors="0" timestamp="2022-09-16T01:34:55 IST" skipped="0">
  <testcase classname="com.Facebook_App.verify_Username_and_Password_alignment" name="Validate_username_password_Alignment_Cordinates" time="32.804"/>
  <system-out/>
</testsuite> <!-- com.Facebook_App.verify_Username_and_Password_alignment -->
