<?xml version="1.0" encoding="UTF-8"?>
<!-- Generated by org.testng.reporters.JUnitReportReporter -->
<testsuite hostname="DESKTOP-1FJC9IP" failures="0" tests="1" name="com.Facebook_App.erify_Username_and_Password_alignment" time="41.481" errors="0" timestamp="2022-09-16T01:28:44 IST" skipped="0">
  <testcase classname="com.Facebook_App.erify_Username_and_Password_alignment" name="getSize_Methodofwebelement" time="41.481"/>
  <system-out/>
</testsuite> <!-- com.Facebook_App.erify_Username_and_Password_alignment -->
