<?xml version="1.0" encoding="UTF-8"?>
<!-- Generated by org.testng.reporters.JUnitReportReporter -->
<testsuite hostname="DESKTOP-1FJC9IP" failures="0" tests="4" name="com.Bridgelabz.QA.Launch_Browser_Test" time="189.895" errors="0" timestamp="2022-09-12T14:49:48 IST" skipped="0">
  <testcase classname="com.Bridgelabz.QA.Launch_Browser_Test" name="launch_Browser" time="98.937"/>
  <system-out/>
  <testcase classname="com.Bridgelabz.QA.Launch_Browser_Test" name="navigations" time="37.033"/>
  <system-out/>
  <testcase classname="com.Bridgelabz.QA.Launch_Browser_Test" name="screenshot" time="20.762"/>
  <system-out/>
  <testcase classname="com.Bridgelabz.QA.Launch_Browser_Test" name="screenshot2" time="33.163"/>
  <system-out/>
</testsuite> <!-- com.Bridgelabz.QA.Launch_Browser_Test -->
