<?xml version="1.0" encoding="UTF-8"?>
<!-- Generated by org.testng.reporters.JUnitReportReporter -->
<testsuite hostname="DESKTOP-1FJC9IP" failures="0" tests="1" name="testNG.testNG_Concepts" time="0.027" errors="0" timestamp="2022-09-20T15:44:47 IST" skipped="0">
  <testcase classname="testNG.testNG_Concepts" name="test" time="0.027"/>
  <system-out>
    <![CDATA[test]]>
  </system-out>
</testsuite> <!-- testNG.testNG_Concepts -->
