<?xml version="1.0" encoding="UTF-8"?>
<!-- Generated by org.testng.reporters.JUnitReportReporter -->
<testsuite hostname="DESKTOP-1FJC9IP" failures="0" tests="5" name="testNG.priority" time="0.040" errors="0" timestamp="2022-09-21T13:20:44 IST" skipped="0">
  <testcase classname="testNG.priority" name="waterBottle" time="0.031"/>
  <system-out/>
  <testcase classname="testNG.priority" name="name" time="0.002"/>
  <system-out/>
  <testcase classname="testNG.priority" name="Dog" time="0.002"/>
  <system-out/>
  <testcase classname="testNG.priority" name="Car" time="0.002"/>
  <system-out/>
  <testcase classname="testNG.priority" name="college" time="0.003"/>
  <system-out/>
</testsuite> <!-- testNG.priority -->
