<?xml version="1.0" encoding="UTF-8"?>
<!-- Generated by org.testng.reporters.JUnitReportReporter -->
<testsuite hostname="DESKTOP-1FJC9IP" failures="0" tests="1" name="com.Facebook_App.Remove_Value_fromText_using_ClearMethod" time="31.645" errors="0" timestamp="2022-09-16T02:08:36 IST" skipped="0">
  <testcase classname="com.Facebook_App.Remove_Value_fromText_using_ClearMethod" name="RemoveValue_fromText_using_ClearMethod" time="31.645"/>
  <system-out/>
</testsuite> <!-- com.Facebook_App.Remove_Value_fromText_using_ClearMethod -->
