<?xml version="1.0" encoding="UTF-8"?>
<!-- Generated by org.testng.reporters.JUnitReportReporter -->
<testsuite hostname="DESKTOP-1FJC9IP" failures="0" tests="6" name="testNG.invocation_Count_Priority" time="0.037" errors="0" timestamp="2022-09-21T13:37:34 IST" skipped="1">
  <testcase classname="testNG.invocation_Count_Priority" name="xyz" time="0.015"/>
  <system-out/>
  <testcase classname="testNG.invocation_Count_Priority" name="abc" time="0.003"/>
  <system-out/>
  <testcase classname="testNG.invocation_Count_Priority" name="abc" time="0.009"/>
  <system-out/>
  <testcase classname="testNG.invocation_Count_Priority" name="abc" time="0.004"/>
  <system-out/>
  <testcase classname="testNG.invocation_Count_Priority" name="abc" time="0.006"/>
  <system-out/>
  <testcase classname="testNG.invocation_Count_Priority" name="def">
    <skipped/>
  </testcase> <!-- def -->
  <system-out/>
</testsuite> <!-- testNG.invocation_Count_Priority -->
