<?xml version="1.0" encoding="UTF-8"?>
<!-- Generated by org.testng.reporters.JUnitReportReporter -->
<testsuite hostname="DESKTOP-1FJC9IP" failures="0" tests="1" name="com.Xpath.XpathMethod_actiTIME" time="80.809" errors="0" timestamp="2022-09-14T22:40:22 IST" skipped="0">
  <testcase classname="com.Xpath.XpathMethod_actiTIME" name="Validating_HomePage_using_Unique_Element" time="80.809"/>
  <system-out/>
</testsuite> <!-- com.Xpath.XpathMethod_actiTIME -->
