<?xml version="1.0" encoding="UTF-8"?>
<!-- Generated by org.testng.reporters.JUnitReportReporter -->
<testsuite hostname="DESKTOP-1FJC9IP" failures="0" tests="1" name="com.Facebook_App.Validating_ForgotPassword_ErrorMsg" time="35.887" errors="0" timestamp="2022-09-16T10:15:16 IST" skipped="0">
  <testcase classname="com.Facebook_App.Validating_ForgotPassword_ErrorMsg" name="Validating_Forgot_Password_Error" time="35.887"/>
  <system-out/>
</testsuite> <!-- com.Facebook_App.Validating_ForgotPassword_ErrorMsg -->
