<?xml version="1.0" encoding="UTF-8"?>
<!-- Generated by org.testng.reporters.JUnitReportReporter -->
<testsuite hostname="DESKTOP-1FJC9IP" failures="0" tests="1" name="actiTIME_App.findElement_checkBox_WebTable" time="157.899" errors="0" timestamp="2022-09-20T15:49:29 IST" skipped="0">
  <testcase classname="actiTIME_App.findElement_checkBox_WebTable" name="Google_Search_Auto_Suggestions" time="157.899"/>
  <system-out/>
</testsuite> <!-- actiTIME_App.findElement_checkBox_WebTable -->
