<?xml version="1.0" encoding="UTF-8"?>
<!-- Generated by org.testng.reporters.JUnitReportReporter -->
<testsuite hostname="DESKTOP-1FJC9IP" failures="0" tests="11" name="testNG.invocation_Execution" time="0.066" errors="0" timestamp="2022-09-21T13:34:17 IST" skipped="0">
  <testcase classname="testNG.invocation_Execution" name="abc" time="0.005"/>
  <system-out/>
  <testcase classname="testNG.invocation_Execution" name="def" time="0.009"/>
  <system-out/>
  <testcase classname="testNG.invocation_Execution" name="abc" time="0.004"/>
  <system-out/>
  <testcase classname="testNG.invocation_Execution" name="abc" time="0.005"/>
  <system-out/>
  <testcase classname="testNG.invocation_Execution" name="xyz" time="0.008"/>
  <system-out/>
  <testcase classname="testNG.invocation_Execution" name="abc" time="0.012"/>
  <system-out/>
  <testcase classname="testNG.invocation_Execution" name="xyz" time="0.003"/>
  <system-out/>
  <testcase classname="testNG.invocation_Execution" name="xyz" time="0.008"/>
  <system-out/>
  <testcase classname="testNG.invocation_Execution" name="xyz" time="0.005"/>
  <system-out/>
  <testcase classname="testNG.invocation_Execution" name="xyz" time="0.003"/>
  <system-out/>
  <testcase classname="testNG.invocation_Execution" name="def" time="0.004"/>
  <system-out/>
</testsuite> <!-- testNG.invocation_Execution -->
