<?xml version="1.0" encoding="UTF-8"?>
<!-- Generated by org.testng.reporters.JUnitReportReporter -->
<testsuite hostname="DESKTOP-1FJC9IP" failures="0" tests="1" name="actiTIME_App.handling_popup" time="113.557" errors="0" timestamp="2022-09-19T23:25:11 IST" skipped="0">
  <testcase classname="actiTIME_App.handling_popup" name="find_the_total_number_of_links_number_of_visible_links_and_number_of_hidden_links_present" time="113.557"/>
  <system-out/>
</testsuite> <!-- actiTIME_App.handling_popup -->
