<?xml version="1.0" encoding="UTF-8"?>
<!-- Generated by org.testng.reporters.JUnitReportReporter -->
<testsuite hostname="DESKTOP-1FJC9IP" failures="0" tests="1" name="com.mouse_keyboard_operator_Test.mouse_keyboard_Operation_Test" time="32.142" errors="0" timestamp="2022-09-14T10:58:07 IST" skipped="0">
  <testcase classname="com.mouse_keyboard_operator_Test.mouse_keyboard_Operation_Test" name="Actitime" time="32.142"/>
  <system-out/>
</testsuite> <!-- com.mouse_keyboard_operator_Test.mouse_keyboard_Operation_Test -->
