<?xml version="1.0" encoding="UTF-8"?>
<!-- Generated by org.testng.reporters.JUnitReportReporter -->
<testsuite hostname="DESKTOP-1FJC9IP" failures="0" tests="5" name="testNG.priority_Attributes_test" time="0.131" errors="0" timestamp="2022-09-21T13:39:41 IST" skipped="0">
  <testcase classname="testNG.priority_Attributes_test" name="def" time="0.015"/>
  <system-out/>
  <testcase classname="testNG.priority_Attributes_test" name="zz" time="0.004"/>
  <system-out/>
  <testcase classname="testNG.priority_Attributes_test" name="xyz" time="0.005"/>
  <system-out/>
  <testcase classname="testNG.priority_Attributes_test" name="abc" time="0.104"/>
  <system-out/>
  <testcase classname="testNG.priority_Attributes_test" name="pqr" time="0.003"/>
  <system-out/>
</testsuite> <!-- testNG.priority_Attributes_test -->
